<?xml version="1.0" encoding="UTF-8"?>
<!-- Generated by org.testng.reporters.JUnitReportReporter -->
<testsuite hostname="Pragti" failures="0" tests="4" name="pac1.NewTest" time="56.131" errors="0" timestamp="2024-11-25T12:30:28 IST" skipped="0">
  <testcase classname="pac1.NewTest" name="fTest" time="13.867"/>
  <testcase classname="pac1.NewTest" name="gllllTest" time="13.669"/>
  <testcase classname="pac1.NewTest" name="fjwindowTest" time="13.575"/>
  <testcase classname="pac1.NewTest" name="gjjTest" time="15.020"/>
</testsuite> <!-- pac1.NewTest -->
