<?xml version="1.0" encoding="UTF-8"?>
<!-- Generated by org.testng.reporters.JUnitReportReporter -->
<testsuite hostname="Pragti" failures="0" tests="3" name="pac1.alllinksTest" time="0.186" errors="0" timestamp="2024-11-25T12:30:28 IST" skipped="0">
  <testcase classname="pac1.alllinksTest" name="flTest" time="0.041"/>
  <testcase classname="pac1.alllinksTest" name="kkkTest" time="0.041"/>
  <testcase classname="pac1.alllinksTest" name="fyyTest" time="0.104"/>
</testsuite> <!-- pac1.alllinksTest -->
