<?xml version="1.0" encoding="UTF-8"?>
<!-- Generated by org.testng.reporters.JUnitReportReporter -->
<testsuite hostname="Pragti" failures="0" tests="3" name="pac1.alllinksTest" time="1.362" errors="0" timestamp="2024-10-12T08:32:54 IST" skipped="0">
  <testcase classname="pac1.alllinksTest" name="flTest" time="1.224"/>
  <testcase classname="pac1.alllinksTest" name="fyyTest" time="0.106"/>
  <testcase classname="pac1.alllinksTest" name="kkkTest" time="0.032"/>
</testsuite> <!-- pac1.alllinksTest -->
